# JRE version: Java(TM) SE Runtime Environment (7.0_51-b13) (build 1.7.0_51-b13)
# Java VM: Java HotSpot(TM) Client VM (24.51-b03 mixed mode, sharing linux-x86 )
Heap
 def new generation   total 4928K, used 1210K [0x7eb40000, 0x7f090000, 0x84090000)
  eden space 4416K,  20% used [0x7eb40000, 0x7ec27af0, 0x7ef90000)
  from space 512K,  55% used [0x7ef90000, 0x7efd6e10, 0x7f010000)
  to   space 512K,   0% used [0x7f010000, 0x7f010000, 0x7f090000)
 tenured generation   total 10944K, used 4537K [0x84090000, 0x84b40000, 0x8eb40000)
   the space 10944K,  41% used [0x84090000, 0x844fe560, 0x844fe600, 0x84b40000)
 compacting perm gen  total 12288K, used 2315K [0x8eb40000, 0x8f740000, 0x92b40000)
   the space 12288K,  18% used [0x8eb40000, 0x8ed82c60, 0x8ed82e00, 0x8f740000)
    ro space 10240K,  45% used [0x92b40000, 0x92fc88f8, 0x92fc8a00, 0x93540000)
    rw space 12288K,  57% used [0x93540000, 0x93c1b998, 0x93c1ba00, 0x94140000)
GC Heap History (10 events):
Event: 28,992 GC heap before
{Heap before GC invocations=7 (full 0):
 def new generation   total 4928K, used 4634K [0x7eb40000, 0x7f090000, 0x84090000)
  eden space 4416K,  98% used [0x7eb40000, 0x7ef7f370, 0x7ef90000)
  from space 512K,  55% used [0x7f010000, 0x7f057660, 0x7f090000)
  to   space 512K,   0% used [0x7ef90000, 0x7ef90000, 0x7f010000)
 tenured generation   total 10944K, used 3335K [0x84090000, 0x84b40000, 0x8eb40000)
   the space 10944K,  30% used [0x84090000, 0x843d1da8, 0x843d1e00, 0x84b40000)
 compacting perm gen  total 12288K, used 2310K [0x8eb40000, 0x8f740000, 0x92b40000)
   the space 12288K,  18% used [0x8eb40000, 0x8ed818d8, 0x8ed81a00, 0x8f740000)
    ro space 10240K,  45% used [0x92b40000, 0x92fc88f8, 0x92fc8a00, 0x93540000)
    rw space 12288K,  57% used [0x93540000, 0x93c1b998, 0x93c1ba00, 0x94140000)
Event: 28,994 GC heap after
Heap after GC invocations=8 (full 0):
 def new generation   total 4928K, used 282K [0x7eb40000, 0x7f090000, 0x84090000)
  eden space 4416K,   0% used [0x7eb40000, 0x7eb40000, 0x7ef90000)
  from space 512K,  55% used [0x7ef90000, 0x7efd69c8, 0x7f010000)
  to   space 512K,   0% used [0x7f010000, 0x7f010000, 0x7f090000)
 tenured generation   total 10944K, used 3598K [0x84090000, 0x84b40000, 0x8eb40000)
   the space 10944K,  32% used [0x84090000, 0x84413880, 0x84413a00, 0x84b40000)
 compacting perm gen  total 12288K, used 2310K [0x8eb40000, 0x8f740000, 0x92b40000)
   the space 12288K,  18% used [0x8eb40000, 0x8ed818d8, 0x8ed81a00, 0x8f740000)
    ro space 10240K,  45% used [0x92b40000, 0x92fc88f8, 0x92fc8a00, 0x93540000)
    rw space 12288K,  57% used [0x93540000, 0x93c1b998, 0x93c1ba00, 0x94140000)
}
Event: 33,729 GC heap before
{Heap before GC invocations=8 (full 0):
 def new generation   total 4928K, used 4693K [0x7eb40000, 0x7f090000, 0x84090000)
  eden space 4416K,  99% used [0x7eb40000, 0x7ef8ebf8, 0x7ef90000)
  from space 512K,  55% used [0x7ef90000, 0x7efd69c8, 0x7f010000)
  to   space 512K,   0% used [0x7f010000, 0x7f010000, 0x7f090000)
 tenured generation   total 10944K, used 3598K [0x84090000, 0x84b40000, 0x8eb40000)
   the space 10944K,  32% used [0x84090000, 0x84413880, 0x84413a00, 0x84b40000)
 compacting perm gen  total 12288K, used 2310K [0x8eb40000, 0x8f740000, 0x92b40000)
   the space 12288K,  18% used [0x8eb40000, 0x8ed818d8, 0x8ed81a00, 0x8f740000)
    ro space 10240K,  45% used [0x92b40000, 0x92fc88f8, 0x92fc8a00, 0x93540000)
    rw space 12288K,  57% used [0x93540000, 0x93c1b998, 0x93c1ba00, 0x94140000)
Event: 33,731 GC heap after
Heap after GC invocations=9 (full 0):
 def new generation   total 4928K, used 449K [0x7eb40000, 0x7f090000, 0x84090000)
  eden space 4416K,   0% used [0x7eb40000, 0x7eb40000, 0x7ef90000)
  from space 512K,  87% used [0x7f010000, 0x7f080410, 0x7f090000)
  to   space 512K,   0% used [0x7ef90000, 0x7ef90000, 0x7f010000)
 tenured generation   total 10944K, used 3648K [0x84090000, 0x84b40000, 0x8eb40000)
   the space 10944K,  33% used [0x84090000, 0x844200e8, 0x84420200, 0x84b40000)
 compacting perm gen  total 12288K, used 2310K [0x8eb40000, 0x8f740000, 0x92b40000)
   the space 12288K,  18% used [0x8eb40000, 0x8ed818d8, 0x8ed81a00, 0x8f740000)
    ro space 10240K,  45% used [0x92b40000, 0x92fc88f8, 0x92fc8a00, 0x93540000)
    rw space 12288K,  57% used [0x93540000, 0x93c1b998, 0x93c1ba00, 0x94140000)
}
Event: 36,087 GC heap before
{Heap before GC invocations=9 (full 0):
 def new generation   total 4928K, used 4745K [0x7eb40000, 0x7f090000, 0x84090000)
  eden space 4416K,  97% used [0x7eb40000, 0x7ef72078, 0x7ef90000)
  from space 512K,  87% used [0x7f010000, 0x7f080410, 0x7f090000)
  to   space 512K,   0% used [0x7ef90000, 0x7ef90000, 0x7f010000)
 tenured generation   total 10944K, used 3648K [0x84090000, 0x84b40000, 0x8eb40000)
   the space 10944K,  33% used [0x84090000, 0x844200e8, 0x84420200, 0x84b40000)
 compacting perm gen  total 12288K, used 2310K [0x8eb40000, 0x8f740000, 0x92b40000)
   the space 12288K,  18% used [0x8eb40000, 0x8ed818e8, 0x8ed81a00, 0x8f740000)
    ro space 10240K,  45% used [0x92b40000, 0x92fc88f8, 0x92fc8a00, 0x93540000)
    rw space 12288K,  57% used [0x93540000, 0x93c1b998, 0x93c1ba00, 0x94140000)
Event: 36,089 GC heap after
Heap after GC invocations=10 (full 0):
 def new generation   total 4928K, used 445K [0x7eb40000, 0x7f090000, 0x84090000)
  eden space 4416K,   0% used [0x7eb40000, 0x7eb40000, 0x7ef90000)
  from space 512K,  87% used [0x7ef90000, 0x7efff728, 0x7f010000)
  to   space 512K,   0% used [0x7f010000, 0x7f010000, 0x7f090000)
 tenured generation   total 10944K, used 3857K [0x84090000, 0x84b40000, 0x8eb40000)
   the space 10944K,  35% used [0x84090000, 0x84454790, 0x84454800, 0x84b40000)
 compacting perm gen  total 12288K, used 2310K [0x8eb40000, 0x8f740000, 0x92b40000)
   the space 12288K,  18% used [0x8eb40000, 0x8ed818e8, 0x8ed81a00, 0x8f740000)
    ro space 10240K,  45% used [0x92b40000, 0x92fc88f8, 0x92fc8a00, 0x93540000)
    rw space 12288K,  57% used [0x93540000, 0x93c1b998, 0x93c1ba00, 0x94140000)
}
Event: 38,527 GC heap before
{Heap before GC invocations=10 (full 0):
 def new generation   total 4928K, used 4763K [0x7eb40000, 0x7f090000, 0x84090000)
  eden space 4416K,  97% used [0x7eb40000, 0x7ef77860, 0x7ef90000)
  from space 512K,  87% used [0x7ef90000, 0x7efff728, 0x7f010000)
  to   space 512K,   0% used [0x7f010000, 0x7f010000, 0x7f090000)
 tenured generation   total 10944K, used 3857K [0x84090000, 0x84b40000, 0x8eb40000)
   the space 10944K,  35% used [0x84090000, 0x84454790, 0x84454800, 0x84b40000)
 compacting perm gen  total 12288K, used 2310K [0x8eb40000, 0x8f740000, 0x92b40000)
   the space 12288K,  18% used [0x8eb40000, 0x8ed818e8, 0x8ed81a00, 0x8f740000)
    ro space 10240K,  45% used [0x92b40000, 0x92fc88f8, 0x92fc8a00, 0x93540000)
    rw space 12288K,  57% used [0x93540000, 0x93c1b998, 0x93c1ba00, 0x94140000)
Event: 38,529 GC heap after
Heap after GC invocations=11 (full 0):
 def new generation   total 4928K, used 283K [0x7eb40000, 0x7f090000, 0x84090000)
  eden space 4416K,   0% used [0x7eb40000, 0x7eb40000, 0x7ef90000)
  from space 512K,  55% used [0x7f010000, 0x7f056df0, 0x7f090000)
  to   space 512K,   0% used [0x7ef90000, 0x7ef90000, 0x7f010000)
 tenured generation   total 10944K, used 4275K [0x84090000, 0x84b40000, 0x8eb40000)
   the space 10944K,  39% used [0x84090000, 0x844bce28, 0x844bd000, 0x84b40000)
 compacting perm gen  total 12288K, used 2310K [0x8eb40000, 0x8f740000, 0x92b40000)
   the space 12288K,  18% used [0x8eb40000, 0x8ed818e8, 0x8ed81a00, 0x8f740000)
    ro space 10240K,  45% used [0x92b40000, 0x92fc88f8, 0x92fc8a00, 0x93540000)
    rw space 12288K,  57% used [0x93540000, 0x93c1b998, 0x93c1ba00, 0x94140000)
}
Event: 41,173 GC heap before
{Heap before GC invocations=11 (full 0):
 def new generation   total 4928K, used 4609K [0x7eb40000, 0x7f090000, 0x84090000)
  eden space 4416K,  97% used [0x7eb40000, 0x7ef799c0, 0x7ef90000)
  from space 512K,  55% used [0x7f010000, 0x7f056df0, 0x7f090000)
  to   space 512K,   0% used [0x7ef90000, 0x7ef90000, 0x7f010000)
 tenured generation   total 10944K, used 4275K [0x84090000, 0x84b40000, 0x8eb40000)
   the space 10944K,  39% used [0x84090000, 0x844bce28, 0x844bd000, 0x84b40000)
 compacting perm gen  total 12288K, used 2310K [0x8eb40000, 0x8f740000, 0x92b40000)
   the space 12288K,  18% used [0x8eb40000, 0x8ed818e8, 0x8ed81a00, 0x8f740000)
    ro space 10240K,  45% used [0x92b40000, 0x92fc88f8, 0x92fc8a00, 0x93540000)
    rw space 12288K,  57% used [0x93540000, 0x93c1b998, 0x93c1ba00, 0x94140000)
Event: 41,175 GC heap after
Heap after GC invocations=12 (full 0):
 def new generation   total 4928K, used 283K [0x7eb40000, 0x7f090000, 0x84090000)
  eden space 4416K,   0% used [0x7eb40000, 0x7eb40000, 0x7ef90000)
  from space 512K,  55% used [0x7ef90000, 0x7efd6e10, 0x7f010000)
  to   space 512K,   0% used [0x7f010000, 0x7f010000, 0x7f090000)
 tenured generation   total 10944K, used 4537K [0x84090000, 0x84b40000, 0x8eb40000)
   the space 10944K,  41% used [0x84090000, 0x844fe560, 0x844fe600, 0x84b40000)
 compacting perm gen  total 12288K, used 2310K [0x8eb40000, 0x8f740000, 0x92b40000)
   the space 12288K,  18% used [0x8eb40000, 0x8ed818e8, 0x8ed81a00, 0x8f740000)
    ro space 10240K,  45% used [0x92b40000, 0x92fc88f8, 0x92fc8a00, 0x93540000)
    rw space 12288K,  57% used [0x93540000, 0x93c1b998, 0x93c1ba00, 0x94140000)
}

