# JRE version: Java(TM) SE Runtime Environment (7.0_51-b13) (build 1.7.0_51-b13)
# Java VM: Java HotSpot(TM) Client VM (24.51-b03 mixed mode, sharing linux-x86 )
Heap
 def new generation   total 4928K, used 731K [0x7eb40000, 0x7f090000, 0x84090000)
  eden space 4416K,  13% used [0x7eb40000, 0x7ebd7c80, 0x7ef90000)
  from space 512K,  24% used [0x7f010000, 0x7f02f0f0, 0x7f090000)
  to   space 512K,   0% used [0x7ef90000, 0x7ef90000, 0x7f010000)
 tenured generation   total 10944K, used 2098K [0x84090000, 0x84b40000, 0x8eb40000)
   the space 10944K,  19% used [0x84090000, 0x8429c808, 0x8429ca00, 0x84b40000)
 compacting perm gen  total 12288K, used 2085K [0x8eb40000, 0x8f740000, 0x92b40000)
   the space 12288K,  16% used [0x8eb40000, 0x8ed49468, 0x8ed49600, 0x8f740000)
    ro space 10240K,  45% used [0x92b40000, 0x92fc88f8, 0x92fc8a00, 0x93540000)
    rw space 12288K,  57% used [0x93540000, 0x93c1b998, 0x93c1ba00, 0x94140000)
GC Heap History (6 events):
Event: 0,679 GC heap before
{Heap before GC invocations=0 (full 0):
 def new generation   total 4928K, used 4416K [0x7eb40000, 0x7f090000, 0x84090000)
  eden space 4416K, 100% used [0x7eb40000, 0x7ef90000, 0x7ef90000)
  from space 512K,   0% used [0x7ef90000, 0x7ef90000, 0x7f010000)
  to   space 512K,   0% used [0x7f010000, 0x7f010000, 0x7f090000)
 tenured generation   total 10944K, used 0K [0x84090000, 0x84b40000, 0x8eb40000)
   the space 10944K,   0% used [0x84090000, 0x84090000, 0x84090200, 0x84b40000)
 compacting perm gen  total 12288K, used 1001K [0x8eb40000, 0x8f740000, 0x92b40000)
   the space 12288K,   8% used [0x8eb40000, 0x8ec3a720, 0x8ec3a800, 0x8f740000)
    ro space 10240K,  45% used [0x92b40000, 0x92fc88f8, 0x92fc8a00, 0x93540000)
    rw space 12288K,  57% used [0x93540000, 0x93c1b998, 0x93c1ba00, 0x94140000)
Event: 0,686 GC heap after
Heap after GC invocations=1 (full 0):
 def new generation   total 4928K, used 512K [0x7eb40000, 0x7f090000, 0x84090000)
  eden space 4416K,   0% used [0x7eb40000, 0x7eb40000, 0x7ef90000)
  from space 512K, 100% used [0x7f010000, 0x7f090000, 0x7f090000)
  to   space 512K,   0% used [0x7ef90000, 0x7ef90000, 0x7f010000)
 tenured generation   total 10944K, used 602K [0x84090000, 0x84b40000, 0x8eb40000)
   the space 10944K,   5% used [0x84090000, 0x84126a80, 0x84126c00, 0x84b40000)
 compacting perm gen  total 12288K, used 1001K [0x8eb40000, 0x8f740000, 0x92b40000)
   the space 12288K,   8% used [0x8eb40000, 0x8ec3a720, 0x8ec3a800, 0x8f740000)
    ro space 10240K,  45% used [0x92b40000, 0x92fc88f8, 0x92fc8a00, 0x93540000)
    rw space 12288K,  57% used [0x93540000, 0x93c1b998, 0x93c1ba00, 0x94140000)
}
Event: 0,858 GC heap before
{Heap before GC invocations=1 (full 0):
 def new generation   total 4928K, used 4718K [0x7eb40000, 0x7f090000, 0x84090000)
  eden space 4416K,  95% used [0x7eb40000, 0x7ef5b970, 0x7ef90000)
  from space 512K, 100% used [0x7f010000, 0x7f090000, 0x7f090000)
  to   space 512K,   0% used [0x7ef90000, 0x7ef90000, 0x7f010000)
 tenured generation   total 10944K, used 602K [0x84090000, 0x84b40000, 0x8eb40000)
   the space 10944K,   5% used [0x84090000, 0x84126a80, 0x84126c00, 0x84b40000)
 compacting perm gen  total 12288K, used 2002K [0x8eb40000, 0x8f740000, 0x92b40000)
   the space 12288K,  16% used [0x8eb40000, 0x8ed348f8, 0x8ed34a00, 0x8f740000)
    ro space 10240K,  45% used [0x92b40000, 0x92fc88f8, 0x92fc8a00, 0x93540000)
    rw space 12288K,  57% used [0x93540000, 0x93c1b998, 0x93c1ba00, 0x94140000)
Event: 0,864 GC heap after
Heap after GC invocations=2 (full 0):
 def new generation   total 4928K, used 512K [0x7eb40000, 0x7f090000, 0x84090000)
  eden space 4416K,   0% used [0x7eb40000, 0x7eb40000, 0x7ef90000)
  from space 512K, 100% used [0x7ef90000, 0x7f010000, 0x7f010000)
  to   space 512K,   0% used [0x7f010000, 0x7f010000, 0x7f090000)
 tenured generation   total 10944K, used 1648K [0x84090000, 0x84b40000, 0x8eb40000)
   the space 10944K,  15% used [0x84090000, 0x8422c048, 0x8422c200, 0x84b40000)
 compacting perm gen  total 12288K, used 2002K [0x8eb40000, 0x8f740000, 0x92b40000)
   the space 12288K,  16% used [0x8eb40000, 0x8ed348f8, 0x8ed34a00, 0x8f740000)
    ro space 10240K,  45% used [0x92b40000, 0x92fc88f8, 0x92fc8a00, 0x93540000)
    rw space 12288K,  57% used [0x93540000, 0x93c1b998, 0x93c1ba00, 0x94140000)
}
Event: 154,883 GC heap before
{Heap before GC invocations=2 (full 0):
 def new generation   total 4928K, used 4928K [0x7eb40000, 0x7f090000, 0x84090000)
  eden space 4416K, 100% used [0x7eb40000, 0x7ef90000, 0x7ef90000)
  from space 512K, 100% used [0x7ef90000, 0x7f010000, 0x7f010000)
  to   space 512K,   0% used [0x7f010000, 0x7f010000, 0x7f090000)
 tenured generation   total 10944K, used 1648K [0x84090000, 0x84b40000, 0x8eb40000)
   the space 10944K,  15% used [0x84090000, 0x8422c048, 0x8422c200, 0x84b40000)
 compacting perm gen  total 12288K, used 2085K [0x8eb40000, 0x8f740000, 0x92b40000)
   the space 12288K,  16% used [0x8eb40000, 0x8ed49468, 0x8ed49600, 0x8f740000)
    ro space 10240K,  45% used [0x92b40000, 0x92fc88f8, 0x92fc8a00, 0x93540000)
    rw space 12288K,  57% used [0x93540000, 0x93c1b998, 0x93c1ba00, 0x94140000)
Event: 154,887 GC heap after
Heap after GC invocations=3 (full 0):
 def new generation   total 4928K, used 124K [0x7eb40000, 0x7f090000, 0x84090000)
  eden space 4416K,   0% used [0x7eb40000, 0x7eb40000, 0x7ef90000)
  from space 512K,  24% used [0x7f010000, 0x7f02f0f0, 0x7f090000)
  to   space 512K,   0% used [0x7ef90000, 0x7ef90000, 0x7f010000)
 tenured generation   total 10944K, used 2098K [0x84090000, 0x84b40000, 0x8eb40000)
   the space 10944K,  19% used [0x84090000, 0x8429c808, 0x8429ca00, 0x84b40000)
 compacting perm gen  total 12288K, used 2085K [0x8eb40000, 0x8f740000, 0x92b40000)
   the space 12288K,  16% used [0x8eb40000, 0x8ed49468, 0x8ed49600, 0x8f740000)
    ro space 10240K,  45% used [0x92b40000, 0x92fc88f8, 0x92fc8a00, 0x93540000)
    rw space 12288K,  57% used [0x93540000, 0x93c1b998, 0x93c1ba00, 0x94140000)
}

